<?xml version="1.0" encoding="UTF-8"?>
<!-- Generated by org.testng.reporters.JUnitReportReporter -->
<testsuite hostname="DESKTOP-E05DI0O" failures="0" tests="1" name="test.com.itexps.ItexpsTest" time="15.141" errors="0" timestamp="12 May 2023 23:53:09 GMT">
  <testcase classname="test.com.itexps.ItexpsTest" name="testItexps" time="15.141"/>
</testsuite> <!-- test.com.itexps.ItexpsTest -->
